<?xml version="1.0" encoding="UTF-8" ?>
<testsuite tests="5" failures="0" name="uk.gergely.kiss.test.GameServiceTest" time="0.056" errors="0" skipped="0">
  <properties>
[...]
</properties>
  <testcase classname="uk.gergely.kiss.test.GameServiceTest" name="GameRulesValidatorTest" time="0.056"/>
  <testcase classname="uk.gergely.kiss.test.GameServiceTest" name="integersStringRepresentationTest" time="0"/>
  <testcase classname="uk.gergely.kiss.test.GameServiceTest" name="FizzBuzzTest" time="0"/>
  <testcase classname="uk.gergely.kiss.test.GameServiceTest" name="FozzBozzTest" time="0"/>
  <testcase classname="uk.gergely.kiss.test.GameServiceTest" name="UserDefinedWordGameTest" time="0"/>
</testsuite>